[debug] [2025-03-17T15:56:05.275Z] ----------------------------------------------------------------------
[debug] [2025-03-17T15:56:05.278Z] Command:       C:\Program Files\nodejs\node.exe C:\Users\varas\AppData\Roaming\npm\node_modules\firebase-tools\lib\bin\firebase.js emulators:start --only functions
[debug] [2025-03-17T15:56:05.278Z] CLI Version:   13.29.1
[debug] [2025-03-17T15:56:05.279Z] Platform:      win32
[debug] [2025-03-17T15:56:05.279Z] Node Version:  v20.17.0
[debug] [2025-03-17T15:56:05.279Z] Time:          Mon Mar 17 2025 16:56:05 GMT+0100 (közép-európai téli idő)
[debug] [2025-03-17T15:56:05.279Z] ----------------------------------------------------------------------
[debug] 
[debug] [2025-03-17T15:56:05.349Z] > command requires scopes: ["email","openid","https://www.googleapis.com/auth/cloudplatformprojects.readonly","https://www.googleapis.com/auth/firebase","https://www.googleapis.com/auth/cloud-platform"]
[debug] [2025-03-17T15:56:05.349Z] > authorizing via signed-in user (varastgergo2004@gmail.com)
[info] i  emulators: Starting emulators: functions {"metadata":{"emulator":{"name":"hub"},"message":"Starting emulators: functions"}}
[debug] [2025-03-17T15:56:05.363Z] [logging] Logging Emulator only supports listening on one address (127.0.0.1). Not listening on ::1
[debug] [2025-03-17T15:56:05.363Z] assigned listening specs for emulators {"user":{"hub":[{"address":"127.0.0.1","family":"IPv4","port":4400},{"address":"::1","family":"IPv6","port":4400}],"ui":[{"address":"127.0.0.1","family":"IPv4","port":4000},{"address":"::1","family":"IPv6","port":4000}],"logging":[{"address":"127.0.0.1","family":"IPv4","port":4500}]},"metadata":{"message":"assigned listening specs for emulators"}}
[debug] [2025-03-17T15:56:05.367Z] [hub] writing locator at C:\Users\varas\AppData\Local\Temp\hub-magyarorszagmap.json
[debug] [2025-03-17T15:56:05.388Z] [functions] Functions Emulator only supports listening on one address (127.0.0.1). Not listening on ::1
[debug] [2025-03-17T15:56:05.388Z] [eventarc] Eventarc Emulator only supports listening on one address (127.0.0.1). Not listening on ::1
[debug] [2025-03-17T15:56:05.388Z] [tasks] Cloud Tasks Emulator only supports listening on one address (127.0.0.1). Not listening on ::1
[debug] [2025-03-17T15:56:05.389Z] late-assigned ports for functions and eventarc emulators {"user":{"hub":[{"address":"127.0.0.1","family":"IPv4","port":4400},{"address":"::1","family":"IPv6","port":4400}],"ui":[{"address":"127.0.0.1","family":"IPv4","port":4000},{"address":"::1","family":"IPv6","port":4000}],"logging":[{"address":"127.0.0.1","family":"IPv4","port":4500}],"functions":[{"address":"127.0.0.1","family":"IPv4","port":5001}],"eventarc":[{"address":"127.0.0.1","family":"IPv4","port":9299}],"tasks":[{"address":"127.0.0.1","family":"IPv4","port":9499}]},"metadata":{"message":"late-assigned ports for functions and eventarc emulators"}}
[warn] !  functions: The following emulators are not running, calls to these services from the Functions emulator will affect production: apphosting, auth, firestore, database, hosting, pubsub, storage, dataconnect {"metadata":{"emulator":{"name":"functions"},"message":"The following emulators are not running, calls to these services from the Functions emulator will affect production: \u001b[1mapphosting, auth, firestore, database, hosting, pubsub, storage, dataconnect\u001b[22m"}}
[debug] [2025-03-17T15:56:05.391Z] defaultcredentials: writing to file C:\Users\varas\AppData\Roaming\firebase\varastgergo2004_gmail_com_application_default_credentials.json
[debug] [2025-03-17T15:56:05.395Z] Setting GAC to C:\Users\varas\AppData\Roaming\firebase\varastgergo2004_gmail_com_application_default_credentials.json {"metadata":{"emulator":{"name":"functions"},"message":"Setting GAC to C:\\Users\\varas\\AppData\\Roaming\\firebase\\varastgergo2004_gmail_com_application_default_credentials.json"}}
[debug] [2025-03-17T15:56:05.396Z] Checked if tokens are valid: false, expires at: 1742224498383
[debug] [2025-03-17T15:56:05.396Z] Checked if tokens are valid: false, expires at: 1742224498383
[debug] [2025-03-17T15:56:05.396Z] > refreshing access token with scopes: []
[debug] [2025-03-17T15:56:05.398Z] >>> [apiv2][query] POST https://www.googleapis.com/oauth2/v3/token [none]
[debug] [2025-03-17T15:56:05.398Z] >>> [apiv2][body] POST https://www.googleapis.com/oauth2/v3/token [omitted]
[debug] [2025-03-17T15:56:05.633Z] <<< [apiv2][status] POST https://www.googleapis.com/oauth2/v3/token 200
[debug] [2025-03-17T15:56:05.633Z] <<< [apiv2][body] POST https://www.googleapis.com/oauth2/v3/token [omitted]
[debug] [2025-03-17T15:56:05.639Z] >>> [apiv2][query] GET https://firebase.googleapis.com/v1beta1/projects/magyarorszagmap/adminSdkConfig [none]
[debug] [2025-03-17T15:56:06.203Z] <<< [apiv2][status] GET https://firebase.googleapis.com/v1beta1/projects/magyarorszagmap/adminSdkConfig 200
[debug] [2025-03-17T15:56:06.203Z] <<< [apiv2][body] GET https://firebase.googleapis.com/v1beta1/projects/magyarorszagmap/adminSdkConfig {"projectId":"magyarorszagmap","databaseURL":"https://magyarorszagmap-default-rtdb.europe-west1.firebasedatabase.app","storageBucket":"magyarorszagmap.firebasestorage.app"}
[info] i  functions: Watching "C:\Users\varas\Desktop\HungaryMap4\functions" for Cloud Functions... {"metadata":{"emulator":{"name":"functions"},"message":"Watching \"C:\\Users\\varas\\Desktop\\HungaryMap4\\functions\" for Cloud Functions..."}}
[debug] [2025-03-17T15:56:06.227Z] Validating nodejs source
[debug] [2025-03-17T15:56:07.163Z] > [functions] package.json contents: {
  "name": "functions",
  "description": "Cloud Functions for Firebase",
  "scripts": {
    "serve": "firebase emulators:start --only functions",
    "shell": "firebase functions:shell",
    "start": "npm run shell",
    "deploy": "firebase deploy --only functions",
    "logs": "firebase functions:log"
  },
  "engines": {
    "node": "22"
  },
  "main": "index.js",
  "dependencies": {
    "firebase-admin": "^12.6.0",
    "firebase-functions": "^6.0.1"
  },
  "devDependencies": {
    "firebase-functions-test": "^3.1.0"
  },
  "private": true
}
[debug] [2025-03-17T15:56:07.164Z] Building nodejs source
[debug] [2025-03-17T15:56:07.164Z] Failed to find version of module node: reached end of search path C:\Users\varas\Desktop\HungaryMap4\functions\node_modules
[warn] !  functions: Your requested "node" version "22" doesn't match your global version "20". Using node@20 from host. 
[debug] [2025-03-17T15:56:07.167Z] Could not find functions.yaml. Must use http discovery
[debug] [2025-03-17T15:56:07.173Z] Found firebase-functions binary at 'C:\Users\varas\Desktop\HungaryMap4\functions\node_modules\.bin\firebase-functions'
[info] Serving at port 8958

[debug] [2025-03-17T15:56:07.648Z] Got response from /__/functions.yaml {"endpoints":{"api":{"availableMemoryMb":null,"timeoutSeconds":null,"minInstances":null,"maxInstances":null,"ingressSettings":null,"concurrency":null,"serviceAccountEmail":null,"vpc":null,"platform":"gcfv2","labels":{},"httpsTrigger":{},"entryPoint":"api"}},"specVersion":"v1alpha1","requiredAPIs":[],"extensions":{}}
[info] +  functions: Loaded functions definitions from source: api. {"metadata":{"emulator":{"name":"functions"},"message":"Loaded functions definitions from source: api."}}
[info] +  functions[us-central1-api]: http function initialized (http://127.0.0.1:5001/magyarorszagmap/us-central1/api). {"metadata":{"emulator":{"name":"functions"},"message":"\u001b[1mhttp\u001b[22m function initialized (http://127.0.0.1:5001/magyarorszagmap/us-central1/api)."}}
[debug] [2025-03-17T15:56:12.689Z] Could not find VSCode notification endpoint: FetchError: request to http://localhost:40001/vscode/notify failed, reason: . If you are not running the Firebase Data Connect VSCode extension, this is expected and not an issue.
[info] 
┌─────────────────────────────────────────────────────────────┐
│ ✔  All emulators ready! It is now safe to connect your app. │
│ i  View Emulator UI at http://127.0.0.1:4000/               │
└─────────────────────────────────────────────────────────────┘

┌───────────┬────────────────┬─────────────────────────────────┐
│ Emulator  │ Host:Port      │ View in Emulator UI             │
├───────────┼────────────────┼─────────────────────────────────┤
│ Functions │ 127.0.0.1:5001 │ http://127.0.0.1:4000/functions │
└───────────┴────────────────┴─────────────────────────────────┘
  Emulator Hub running at 127.0.0.1:4400
  Other reserved ports: 4500

Issues? Report them at https://github.com/firebase/firebase-tools/issues and attach the *-debug.log files.
 
[debug] [2025-03-17T15:56:32.425Z] [work-queue] {"queuedWork":["/magyarorszagmap/us-central1/api/getClaims/r3PnwSlNfQWGOupWFvDZiBxCP2U2-2025-03-17T15:56:32.425Z"],"queueLength":1,"runningWork":[],"workRunningCount":0}
[debug] [2025-03-17T15:56:32.426Z] [work-queue] {"queuedWork":[],"queueLength":0,"runningWork":["/magyarorszagmap/us-central1/api/getClaims/r3PnwSlNfQWGOupWFvDZiBxCP2U2-2025-03-17T15:56:32.425Z"],"workRunningCount":1}
[debug] [2025-03-17T15:56:32.426Z] Accepted request OPTIONS /magyarorszagmap/us-central1/api/getClaims/r3PnwSlNfQWGOupWFvDZiBxCP2U2 --> us-central1-api
[debug] [2025-03-17T15:56:32.427Z] [functions] Runtime ready! Sending request! {"metadata":{"emulator":{"name":"functions"},"message":"[functions] Runtime ready! Sending request!"}}
[debug] [2025-03-17T15:56:32.428Z] [functions] Got req.url=/magyarorszagmap/us-central1/api/getClaims/r3PnwSlNfQWGOupWFvDZiBxCP2U2, mapping to path=/getClaims/r3PnwSlNfQWGOupWFvDZiBxCP2U2 {"metadata":{"emulator":{"name":"functions"},"message":"[functions] Got req.url=/magyarorszagmap/us-central1/api/getClaims/r3PnwSlNfQWGOupWFvDZiBxCP2U2, mapping to path=/getClaims/r3PnwSlNfQWGOupWFvDZiBxCP2U2"}}
[debug] [2025-03-17T15:56:32.439Z] [worker-pool] addWorker(us-central1-api) {"metadata":{"emulator":{"name":"functions"},"message":"[worker-pool] addWorker(us-central1-api)"}}
[debug] [2025-03-17T15:56:32.440Z] [worker-pool] Adding worker with key us-central1-api, total=1 {"metadata":{"emulator":{"name":"functions"},"message":"[worker-pool] Adding worker with key us-central1-api, total=1"}}
[debug] [2025-03-17T15:56:33.898Z] [runtime-status] [17624] Resolved module firebase-admin {"declared":true,"installed":true,"version":"12.7.0","resolution":"C:\\Users\\varas\\Desktop\\HungaryMap4\\functions\\node_modules\\firebase-admin\\lib\\index.js"} {"metadata":{"emulator":{"name":"functions"},"function":{"name":"us-central1-api"},"extension":{},"message":"[runtime-status] [17624] Resolved module firebase-admin {\"declared\":true,\"installed\":true,\"version\":\"12.7.0\",\"resolution\":\"C:\\\\Users\\\\varas\\\\Desktop\\\\HungaryMap4\\\\functions\\\\node_modules\\\\firebase-admin\\\\lib\\\\index.js\"}"}}
[debug] [2025-03-17T15:56:33.899Z] [runtime-status] [17624] Resolved module firebase-functions {"declared":true,"installed":true,"version":"6.3.2","resolution":"C:\\Users\\varas\\Desktop\\HungaryMap4\\functions\\node_modules\\firebase-functions\\lib\\v2\\index.js"} {"metadata":{"emulator":{"name":"functions"},"function":{"name":"us-central1-api"},"extension":{},"message":"[runtime-status] [17624] Resolved module firebase-functions {\"declared\":true,\"installed\":true,\"version\":\"6.3.2\",\"resolution\":\"C:\\\\Users\\\\varas\\\\Desktop\\\\HungaryMap4\\\\functions\\\\node_modules\\\\firebase-functions\\\\lib\\\\v2\\\\index.js\"}"}}
[debug] [2025-03-17T15:56:33.899Z] [runtime-status] [17624] Outgoing network have been stubbed. [{"name":"http","status":"mocked"},{"name":"http","status":"mocked"},{"name":"https","status":"mocked"},{"name":"https","status":"mocked"},{"name":"net","status":"mocked"}] {"metadata":{"emulator":{"name":"functions"},"function":{"name":"us-central1-api"},"extension":{},"message":"[runtime-status] [17624] Outgoing network have been stubbed. [{\"name\":\"http\",\"status\":\"mocked\"},{\"name\":\"http\",\"status\":\"mocked\"},{\"name\":\"https\",\"status\":\"mocked\"},{\"name\":\"https\",\"status\":\"mocked\"},{\"name\":\"net\",\"status\":\"mocked\"}]"}}
[debug] [2025-03-17T15:56:33.900Z] [runtime-status] [17624] Resolved module firebase-functions {"declared":true,"installed":true,"version":"6.3.2","resolution":"C:\\Users\\varas\\Desktop\\HungaryMap4\\functions\\node_modules\\firebase-functions\\lib\\v2\\index.js"} {"metadata":{"emulator":{"name":"functions"},"function":{"name":"us-central1-api"},"extension":{},"message":"[runtime-status] [17624] Resolved module firebase-functions {\"declared\":true,\"installed\":true,\"version\":\"6.3.2\",\"resolution\":\"C:\\\\Users\\\\varas\\\\Desktop\\\\HungaryMap4\\\\functions\\\\node_modules\\\\firebase-functions\\\\lib\\\\v2\\\\index.js\"}"}}
[debug] [2025-03-17T15:56:34.235Z] [runtime-status] [17624] Checked functions.config() {"config":{}} {"metadata":{"emulator":{"name":"functions"},"function":{"name":"us-central1-api"},"extension":{},"message":"[runtime-status] [17624] Checked functions.config() {\"config\":{}}"}}
[debug] [2025-03-17T15:56:34.236Z] [runtime-status] [17624] firebase-functions has been stubbed. {"functionsResolution":{"declared":true,"installed":true,"version":"6.3.2","resolution":"C:\\Users\\varas\\Desktop\\HungaryMap4\\functions\\node_modules\\firebase-functions\\lib\\v2\\index.js"}} {"metadata":{"emulator":{"name":"functions"},"function":{"name":"us-central1-api"},"extension":{},"message":"[runtime-status] [17624] firebase-functions has been stubbed. {\"functionsResolution\":{\"declared\":true,\"installed\":true,\"version\":\"6.3.2\",\"resolution\":\"C:\\\\Users\\\\varas\\\\Desktop\\\\HungaryMap4\\\\functions\\\\node_modules\\\\firebase-functions\\\\lib\\\\v2\\\\index.js\"}}"}}
[debug] [2025-03-17T15:56:34.236Z] [runtime-status] [17624] Resolved module firebase-functions {"declared":true,"installed":true,"version":"6.3.2","resolution":"C:\\Users\\varas\\Desktop\\HungaryMap4\\functions\\node_modules\\firebase-functions\\lib\\v2\\index.js"} {"metadata":{"emulator":{"name":"functions"},"function":{"name":"us-central1-api"},"extension":{},"message":"[runtime-status] [17624] Resolved module firebase-functions {\"declared\":true,\"installed\":true,\"version\":\"6.3.2\",\"resolution\":\"C:\\\\Users\\\\varas\\\\Desktop\\\\HungaryMap4\\\\functions\\\\node_modules\\\\firebase-functions\\\\lib\\\\v2\\\\index.js\"}"}}
[debug] [2025-03-17T15:56:34.241Z] [runtime-status] [17624] Resolved module firebase-admin {"declared":true,"installed":true,"version":"12.7.0","resolution":"C:\\Users\\varas\\Desktop\\HungaryMap4\\functions\\node_modules\\firebase-admin\\lib\\index.js"} {"metadata":{"emulator":{"name":"functions"},"function":{"name":"us-central1-api"},"extension":{},"message":"[runtime-status] [17624] Resolved module firebase-admin {\"declared\":true,\"installed\":true,\"version\":\"12.7.0\",\"resolution\":\"C:\\\\Users\\\\varas\\\\Desktop\\\\HungaryMap4\\\\functions\\\\node_modules\\\\firebase-admin\\\\lib\\\\index.js\"}"}}
[debug] [2025-03-17T15:56:34.245Z] [runtime-status] [17624] Resolved module firebase-functions {"declared":true,"installed":true,"version":"6.3.2","resolution":"C:\\Users\\varas\\Desktop\\HungaryMap4\\functions\\node_modules\\firebase-functions\\lib\\v2\\index.js"} {"metadata":{"emulator":{"name":"functions"},"function":{"name":"us-central1-api"},"extension":{},"message":"[runtime-status] [17624] Resolved module firebase-functions {\"declared\":true,\"installed\":true,\"version\":\"6.3.2\",\"resolution\":\"C:\\\\Users\\\\varas\\\\Desktop\\\\HungaryMap4\\\\functions\\\\node_modules\\\\firebase-functions\\\\lib\\\\v2\\\\index.js\"}"}}
[debug] [2025-03-17T15:56:34.245Z] [runtime-status] [17624] firebase-admin has been stubbed. {"adminResolution":{"declared":true,"installed":true,"version":"12.7.0","resolution":"C:\\Users\\varas\\Desktop\\HungaryMap4\\functions\\node_modules\\firebase-admin\\lib\\index.js"}} {"metadata":{"emulator":{"name":"functions"},"function":{"name":"us-central1-api"},"extension":{},"message":"[runtime-status] [17624] firebase-admin has been stubbed. {\"adminResolution\":{\"declared\":true,\"installed\":true,\"version\":\"12.7.0\",\"resolution\":\"C:\\\\Users\\\\varas\\\\Desktop\\\\HungaryMap4\\\\functions\\\\node_modules\\\\firebase-admin\\\\lib\\\\index.js\"}}"}}
[debug] [2025-03-17T15:56:34.415Z] [runtime-status] [17624] initializeApp(DEFAULT) {"credential":{"implicit":false,"projectId":"magyarorszagmap","privateKey":"-----BEGIN PRIVATE KEY-----\nMIIEvgIBADANBgkqhkiG9w0BAQEFAASCBKgwggSkAgEAAoIBAQDa41MrDHp4Bfgy\nf2fvKQ00/Wyk3EV9g19OqaPI7+K4RER/PSl/pi909GZFVfOo7SgC3S2nPIK/VzCZ\nbyG/RQHTWdAPZ0lq94kHyXNab3jOP5HQym3ZVVZwxSzHfVvaMawQ1RSrfcVcK3zc\n/mp97afHkmCHu5uk3saDcGz20ISlLfpLKnMfiwMRKQw8PZ9teHgr3K5qaSy/ai4Z\ndDLUGOvqbPYOvhtmYLy+Io6NIHN6vHYL1FjTYN6INP0Ywz1o0MEB/V5rO9B3xcTY\n4RMseMZMYOeIjKt9c/UjmmGALSMX+UTZms0Hfj7vENFl/YmpFWQz1Ik8Ds2v264S\nRppXvcSHAgMBAAECggEAY9TrkUZLMyOx3EI8opksE1+EZjqqnQDGfsejUlmKo7VL\nMmcwXq5qlaKEZJo7m++yYIAFOvG/xkobedd0Ylq0ZvNfEC9xDk7g2kLYkEYoKJVY\nyYwSBt5DowJjFodH1d/y1OiCWWbvFUcmV1rYMiAq9jx+N1nrNop+quMjZ3yaCwVx\nxTiqAlJG3ozdB9pTYmmKocplX2QVvf5qlwEifj8uSmbon/iM8W1uHt5wHukiHOMb\niaOTkV5wipdWMwKgBBfXPZvtqtbn5S0qRL7UBVqm9VhQJXz3rKkNBSxPvO/v+65E\nsdgKdmroBhOgJGVcLeh+j0qvJHMOhieuSpSWQLgCFQKBgQD040NHZcXRireGVKsK\nfRV18kVXA1NBJsH3lxLzuFsSVDrFdq3busuJdP1lHuhYu7PGpmQtOpyRF3hj++QK\nWZriIwAfNrQR1Rh6/z0w9CRWjtWaly2awaqTSI/xMLwijxxa6YkKcvsuZjbkcqEC\nxPOPT7r2fJJiwIK8MyYE8Zi1tQKBgQDk0gk4vnT66QUaaayduoDUieAdBiFol3PQ\nY9l1jNtjj8VZyVRtitqznFqeKtFig1hq+dK0RWCok3IeLqQAMUKcogZnhDXX/piM\nvqOzl8N8kxDSmW3a4wgvU67fAWzOXdLeXbT+jL2gIPLYwDfK8FbpNCsO9HKf0/xw\naC3QIvu2ywKBgQD0vAsI15UTDObMwOEO4mMINM9HXnNdsTY4EitGlv+tGbCCl1C5\nP70Z6mkzHehmhW/tH20OJn1CI4qVoa8NCO/Y/9GnYCwlhimpAlxNCDEosCaZEGzr\nNJEcEHCKQoJCp3NXB/2FC9QrUsuZE1YGRn6CwtO+clB5kJsXKqbcWfab4QKBgHqJ\nYBbbJ5oWn3z9iksNTWCEVVg1qD5ynLrEPfgNbo9qtqzWfDgNXAFDgeOh2m9/FyJy\nlrujS5f7Hem74GeZ+aoXuoZE7vC0js0QamoKo81alG+zankFi6SMk+EoyjPZWstq\nMzr9866E9ofMqBQtkN1h6o0fqyKcS1uG7sG/ejzxAoGBALE9WR0fBbJ5ZO0pYlEa\nyrGiQQnWnOyRkwBERrw/3KbmaL4MKjemO4aU0gmo1iZYnz/7KJOtuRe1bA5Y7V0p\njFa3qxNma1trVbPBxloL4dCAwe7LBSU9rxqaqLjhYE0PxP3wQavvNu3LXSI/H0LT\nBtcALnuvcAc55gIyVJUoioTl\n-----END PRIVATE KEY-----\n","clientEmail":"firebase-adminsdk-cgvek@magyarorszagmap.iam.gserviceaccount.com","httpClient":{"retry":{"maxRetries":4,"statusCodes":[503],"ioErrorCodes":["ECONNRESET","ETIMEDOUT"],"backOffFactor":0.5,"maxDelayInMillis":60000}}},"databaseURL":"https://magyarorszagmap-default-rtdb.europe-west1.firebasedatabase.app"} {"metadata":{"emulator":{"name":"functions"},"function":{"name":"us-central1-api"},"extension":{},"message":"[runtime-status] [17624] initializeApp(DEFAULT) {\"credential\":{\"implicit\":false,\"projectId\":\"magyarorszagmap\",\"privateKey\":\"-----BEGIN PRIVATE KEY-----\\nMIIEvgIBADANBgkqhkiG9w0BAQEFAASCBKgwggSkAgEAAoIBAQDa41MrDHp4Bfgy\\nf2fvKQ00/Wyk3EV9g19OqaPI7+K4RER/PSl/pi909GZFVfOo7SgC3S2nPIK/VzCZ\\nbyG/RQHTWdAPZ0lq94kHyXNab3jOP5HQym3ZVVZwxSzHfVvaMawQ1RSrfcVcK3zc\\n/mp97afHkmCHu5uk3saDcGz20ISlLfpLKnMfiwMRKQw8PZ9teHgr3K5qaSy/ai4Z\\ndDLUGOvqbPYOvhtmYLy+Io6NIHN6vHYL1FjTYN6INP0Ywz1o0MEB/V5rO9B3xcTY\\n4RMseMZMYOeIjKt9c/UjmmGALSMX+UTZms0Hfj7vENFl/YmpFWQz1Ik8Ds2v264S\\nRppXvcSHAgMBAAECggEAY9TrkUZLMyOx3EI8opksE1+EZjqqnQDGfsejUlmKo7VL\\nMmcwXq5qlaKEZJo7m++yYIAFOvG/xkobedd0Ylq0ZvNfEC9xDk7g2kLYkEYoKJVY\\nyYwSBt5DowJjFodH1d/y1OiCWWbvFUcmV1rYMiAq9jx+N1nrNop+quMjZ3yaCwVx\\nxTiqAlJG3ozdB9pTYmmKocplX2QVvf5qlwEifj8uSmbon/iM8W1uHt5wHukiHOMb\\niaOTkV5wipdWMwKgBBfXPZvtqtbn5S0qRL7UBVqm9VhQJXz3rKkNBSxPvO/v+65E\\nsdgKdmroBhOgJGVcLeh+j0qvJHMOhieuSpSWQLgCFQKBgQD040NHZcXRireGVKsK\\nfRV18kVXA1NBJsH3lxLzuFsSVDrFdq3busuJdP1lHuhYu7PGpmQtOpyRF3hj++QK\\nWZriIwAfNrQR1Rh6/z0w9CRWjtWaly2awaqTSI/xMLwijxxa6YkKcvsuZjbkcqEC\\nxPOPT7r2fJJiwIK8MyYE8Zi1tQKBgQDk0gk4vnT66QUaaayduoDUieAdBiFol3PQ\\nY9l1jNtjj8VZyVRtitqznFqeKtFig1hq+dK0RWCok3IeLqQAMUKcogZnhDXX/piM\\nvqOzl8N8kxDSmW3a4wgvU67fAWzOXdLeXbT+jL2gIPLYwDfK8FbpNCsO9HKf0/xw\\naC3QIvu2ywKBgQD0vAsI15UTDObMwOEO4mMINM9HXnNdsTY4EitGlv+tGbCCl1C5\\nP70Z6mkzHehmhW/tH20OJn1CI4qVoa8NCO/Y/9GnYCwlhimpAlxNCDEosCaZEGzr\\nNJEcEHCKQoJCp3NXB/2FC9QrUsuZE1YGRn6CwtO+clB5kJsXKqbcWfab4QKBgHqJ\\nYBbbJ5oWn3z9iksNTWCEVVg1qD5ynLrEPfgNbo9qtqzWfDgNXAFDgeOh2m9/FyJy\\nlrujS5f7Hem74GeZ+aoXuoZE7vC0js0QamoKo81alG+zankFi6SMk+EoyjPZWstq\\nMzr9866E9ofMqBQtkN1h6o0fqyKcS1uG7sG/ejzxAoGBALE9WR0fBbJ5ZO0pYlEa\\nyrGiQQnWnOyRkwBERrw/3KbmaL4MKjemO4aU0gmo1iZYnz/7KJOtuRe1bA5Y7V0p\\njFa3qxNma1trVbPBxloL4dCAwe7LBSU9rxqaqLjhYE0PxP3wQavvNu3LXSI/H0LT\\nBtcALnuvcAc55gIyVJUoioTl\\n-----END PRIVATE KEY-----\\n\",\"clientEmail\":\"firebase-adminsdk-cgvek@magyarorszagmap.iam.gserviceaccount.com\",\"httpClient\":{\"retry\":{\"maxRetries\":4,\"statusCodes\":[503],\"ioErrorCodes\":[\"ECONNRESET\",\"ETIMEDOUT\"],\"backOffFactor\":0.5,\"maxDelayInMillis\":60000}}},\"databaseURL\":\"https://magyarorszagmap-default-rtdb.europe-west1.firebasedatabase.app\"}"}}
[debug] [2025-03-17T15:56:34.422Z] [runtime-status] [17624] Functions runtime initialized. {"cwd":"C:\\Users\\varas\\Desktop\\HungaryMap4\\functions","node_version":"20.17.0"} {"metadata":{"emulator":{"name":"functions"},"function":{"name":"us-central1-api"},"extension":{},"message":"[runtime-status] [17624] Functions runtime initialized. {\"cwd\":\"C:\\\\Users\\\\varas\\\\Desktop\\\\HungaryMap4\\\\functions\",\"node_version\":\"20.17.0\"}"}}
[debug] [2025-03-17T15:56:34.423Z] [runtime-status] [17624] Listening to port: \\?\pipe\fire_emu_c57b83c894be23e1 {"metadata":{"emulator":{"name":"functions"},"function":{"name":"us-central1-api"},"extension":{},"message":"[runtime-status] [17624] Listening to port: \\\\?\\pipe\\fire_emu_c57b83c894be23e1"}}
[debug] [2025-03-17T15:56:34.524Z] [worker-us-central1-api-795f5d11-103d-415f-b1bd-0e273dc77aca]: IDLE {"metadata":{"emulator":{"name":"functions"},"function":{"name":"us-central1-api"},"extension":{},"message":"[worker-us-central1-api-795f5d11-103d-415f-b1bd-0e273dc77aca]: IDLE"}}
[debug] [2025-03-17T15:56:34.524Z] [worker-pool] submitRequest(triggerId=us-central1-api) {"metadata":{"emulator":{"name":"functions"},"message":"[worker-pool] submitRequest(triggerId=us-central1-api)"}}
[info] i  functions: Beginning execution of "us-central1-api" {"metadata":{"emulator":{"name":"functions"},"function":{"name":"us-central1-api"},"extension":{},"message":"Beginning execution of \"us-central1-api\""}}
[debug] [2025-03-17T15:56:34.525Z] [worker-us-central1-api-795f5d11-103d-415f-b1bd-0e273dc77aca]: BUSY {"metadata":{"emulator":{"name":"functions"},"function":{"name":"us-central1-api"},"extension":{},"message":"[worker-us-central1-api-795f5d11-103d-415f-b1bd-0e273dc77aca]: BUSY"}}
[debug] [2025-03-17T15:56:34.529Z] Finishing up request with event=pause {"metadata":{"emulator":{"name":"functions"},"function":{"name":"us-central1-api"},"extension":{},"message":"Finishing up request with event=pause"}}
[info] i  functions: Finished "us-central1-api" in 4.6297ms {"metadata":{"emulator":{"name":"functions"},"function":{"name":"us-central1-api"},"extension":{},"message":"Finished \"us-central1-api\" in 4.6297ms"}}
[debug] [2025-03-17T15:56:34.530Z] [worker-us-central1-api-795f5d11-103d-415f-b1bd-0e273dc77aca]: IDLE {"metadata":{"emulator":{"name":"functions"},"function":{"name":"us-central1-api"},"extension":{},"message":"[worker-us-central1-api-795f5d11-103d-415f-b1bd-0e273dc77aca]: IDLE"}}
[debug] [2025-03-17T15:56:34.531Z] Finishing up request with event=finish {"metadata":{"emulator":{"name":"functions"},"function":{"name":"us-central1-api"},"extension":{},"message":"Finishing up request with event=finish"}}
[debug] [2025-03-17T15:56:34.531Z] Finishing up request with event=close {"metadata":{"emulator":{"name":"functions"},"function":{"name":"us-central1-api"},"extension":{},"message":"Finishing up request with event=close"}}
[debug] [2025-03-17T15:56:34.531Z] [work-queue] {"queuedWork":[],"queueLength":0,"runningWork":[],"workRunningCount":0}
[debug] [2025-03-17T15:56:34.533Z] [work-queue] {"queuedWork":["/magyarorszagmap/us-central1/api/getClaims/r3PnwSlNfQWGOupWFvDZiBxCP2U2-2025-03-17T15:56:34.532Z"],"queueLength":1,"runningWork":[],"workRunningCount":0}
[debug] [2025-03-17T15:56:34.533Z] [work-queue] {"queuedWork":[],"queueLength":0,"runningWork":["/magyarorszagmap/us-central1/api/getClaims/r3PnwSlNfQWGOupWFvDZiBxCP2U2-2025-03-17T15:56:34.532Z"],"workRunningCount":1}
[debug] [2025-03-17T15:56:34.533Z] Accepted request GET /magyarorszagmap/us-central1/api/getClaims/r3PnwSlNfQWGOupWFvDZiBxCP2U2 --> us-central1-api
[debug] [2025-03-17T15:56:34.534Z] [functions] Runtime ready! Sending request! {"metadata":{"emulator":{"name":"functions"},"message":"[functions] Runtime ready! Sending request!"}}
[debug] [2025-03-17T15:56:34.534Z] [functions] Got req.url=/magyarorszagmap/us-central1/api/getClaims/r3PnwSlNfQWGOupWFvDZiBxCP2U2, mapping to path=/getClaims/r3PnwSlNfQWGOupWFvDZiBxCP2U2 {"metadata":{"emulator":{"name":"functions"},"message":"[functions] Got req.url=/magyarorszagmap/us-central1/api/getClaims/r3PnwSlNfQWGOupWFvDZiBxCP2U2, mapping to path=/getClaims/r3PnwSlNfQWGOupWFvDZiBxCP2U2"}}
[debug] [2025-03-17T15:56:34.534Z] [worker-pool] submitRequest(triggerId=us-central1-api) {"metadata":{"emulator":{"name":"functions"},"message":"[worker-pool] submitRequest(triggerId=us-central1-api)"}}
[info] i  functions: Beginning execution of "us-central1-api" {"metadata":{"emulator":{"name":"functions"},"function":{"name":"us-central1-api"},"extension":{},"message":"Beginning execution of \"us-central1-api\""}}
[debug] [2025-03-17T15:56:34.535Z] [worker-us-central1-api-795f5d11-103d-415f-b1bd-0e273dc77aca]: BUSY {"metadata":{"emulator":{"name":"functions"},"function":{"name":"us-central1-api"},"extension":{},"message":"[worker-us-central1-api-795f5d11-103d-415f-b1bd-0e273dc77aca]: BUSY"}}
[warn] !  functions: The Firebase Authentication emulator is not running, so calls to Firebase Authentication will affect production. {"metadata":{"emulator":{"name":"functions"},"function":{"name":"us-central1-api"},"extension":{},"message":"The Firebase Authentication emulator is not running, so calls to Firebase Authentication will affect production."}}
[debug] [2025-03-17T15:56:35.122Z] Finishing up request with event=pause {"metadata":{"emulator":{"name":"functions"},"function":{"name":"us-central1-api"},"extension":{},"message":"Finishing up request with event=pause"}}
[info] i  functions: Finished "us-central1-api" in 587.7181ms {"metadata":{"emulator":{"name":"functions"},"function":{"name":"us-central1-api"},"extension":{},"message":"Finished \"us-central1-api\" in 587.7181ms"}}
[debug] [2025-03-17T15:56:35.123Z] [worker-us-central1-api-795f5d11-103d-415f-b1bd-0e273dc77aca]: IDLE {"metadata":{"emulator":{"name":"functions"},"function":{"name":"us-central1-api"},"extension":{},"message":"[worker-us-central1-api-795f5d11-103d-415f-b1bd-0e273dc77aca]: IDLE"}}
[debug] [2025-03-17T15:56:35.123Z] Finishing up request with event=finish {"metadata":{"emulator":{"name":"functions"},"function":{"name":"us-central1-api"},"extension":{},"message":"Finishing up request with event=finish"}}
[debug] [2025-03-17T15:56:35.123Z] Finishing up request with event=close {"metadata":{"emulator":{"name":"functions"},"function":{"name":"us-central1-api"},"extension":{},"message":"Finishing up request with event=close"}}
[debug] [2025-03-17T15:56:35.123Z] [work-queue] {"queuedWork":[],"queueLength":0,"runningWork":[],"workRunningCount":0}
